TN:
SF:src/modules/accounts/infra/typeorm/entities/User.ts
FN:44,(anonymous_3)
FN:50,(anonymous_4)
FNF:2
FNH:1
FNDA:4,(anonymous_3)
FNDA:0,(anonymous_4)
DA:1,2
DA:2,2
DA:4,2
DA:16,2
DA:18,2
DA:21,2
DA:24,2
DA:27,2
DA:30,2
DA:33,2
DA:36,2
DA:39,2
DA:42,2
DA:45,4
DA:50,2
DA:51,0
LF:16
LH:15
BRDA:45,0,0,4
BRF:1
BRH:1
end_of_record
TN:
SF:src/modules/accounts/repositories/fakes/FakeUserRepository.ts
FN:7,(anonymous_1)
FN:10,(anonymous_2)
FN:30,(anonymous_3)
FN:31,(anonymous_4)
FNF:4
FNH:4
FNDA:4,(anonymous_1)
FNDA:4,(anonymous_2)
FNDA:7,(anonymous_3)
FNDA:4,(anonymous_4)
DA:1,2
DA:2,2
DA:4,2
DA:7,2
DA:8,4
DA:11,4
DA:12,4
DA:14,4
DA:25,4
DA:27,4
DA:31,7
DA:33,7
LF:12
LH:12
BRF:0
BRH:0
end_of_record
TN:
SF:src/modules/accounts/useCases/User/Create/UserCreateService.ts
FN:17,(anonymous_5)
FN:22,(anonymous_6)
FNF:2
FNH:2
FNDA:4,(anonymous_5)
FNDA:4,(anonymous_6)
DA:1,2
DA:2,2
DA:16,2
DA:19,4
DA:23,4
DA:25,4
DA:27,3
LF:7
LH:7
BRDA:25,0,0,1
BRF:1
BRH:1
end_of_record
TN:
SF:src/shared/errors/AppError.ts
FN:6,(anonymous_0)
FNF:1
FNH:1
FNDA:3,(anonymous_0)
DA:7,3
DA:8,3
DA:12,2
LF:3
LH:3
BRDA:6,0,0,3
BRF:1
BRH:1
end_of_record
TN:
SF:src/shared/middlewares/sessions/useCases/SessionService.ts
FN:23,(anonymous_5)
FN:28,(anonymous_6)
FNF:2
FNH:2
FNDA:2,(anonymous_5)
FNDA:3,(anonymous_6)
DA:1,1
DA:2,1
DA:3,1
DA:4,1
DA:22,1
DA:25,2
DA:29,3
DA:31,3
DA:33,2
DA:35,2
DA:37,1
DA:42,1
DA:50,1
LF:13
LH:13
BRDA:31,0,0,1
BRDA:35,1,0,1
BRF:2
BRH:2
end_of_record
