TN:
SF:src/modules/accounts/useCases/Accounts/UpdateUserAvatar/UpdateUserAvatarController.ts
FN:7,(anonymous_1)
FNF:1
FNH:0
FNDA:0,(anonymous_1)
DA:2,0
DA:4,0
DA:6,0
DA:8,0
DA:9,0
DA:11,0
DA:13,0
DA:15,0
LF:8
LH:0
BRF:0
BRH:0
end_of_record
TN:
SF:src/modules/accounts/useCases/Accounts/UpdateUserAvatar/UpdateUserAvatarService.ts
FN:19,(anonymous_5)
FN:24,(anonymous_6)
FNF:2
FNH:2
FNDA:1,(anonymous_5)
FNDA:1,(anonymous_6)
DA:1,1
DA:5,1
DA:18,1
DA:21,1
DA:25,1
DA:27,1
DA:29,1
DA:31,1
DA:33,1
DA:38,1
LF:10
LH:10
BRF:0
BRH:0
end_of_record
TN:
SF:src/modules/accounts/useCases/User/Create/UserCreateController.ts
FN:8,(anonymous_1)
FNF:1
FNH:0
FNDA:0,(anonymous_1)
DA:3,0
DA:5,0
DA:7,0
DA:9,0
DA:11,0
DA:13,0
DA:15,0
LF:7
LH:0
BRF:0
BRH:0
end_of_record
TN:
SF:src/modules/accounts/useCases/User/Create/UserCreateService.ts
FN:24,(anonymous_5)
FN:29,(anonymous_6)
FNF:2
FNH:2
FNDA:5,(anonymous_5)
FNDA:5,(anonymous_6)
DA:1,3
DA:2,3
DA:23,3
DA:26,5
DA:30,5
DA:32,5
DA:34,4
DA:36,4
DA:44,4
LF:9
LH:9
BRDA:32,0,0,1
BRF:1
BRH:1
end_of_record
TN:
SF:src/modules/cars/useCases/Category/Create/CategoryCreateController.ts
FN:7,(anonymous_1)
FNF:1
FNH:0
FNDA:0,(anonymous_1)
DA:1,0
DA:4,0
DA:8,0
DA:10,0
DA:12,0
DA:14,0
DA:18,0
LF:7
LH:0
BRF:0
BRH:0
end_of_record
TN:
SF:src/modules/cars/useCases/Category/Create/CategoryCreateService.ts
FN:14,(anonymous_5)
FN:18,(anonymous_6)
FNF:2
FNH:2
FNDA:3,(anonymous_5)
FNDA:6,(anonymous_6)
DA:1,2
DA:2,2
DA:13,2
DA:16,3
DA:19,6
DA:21,6
DA:23,5
DA:27,2
LF:8
LH:8
BRDA:21,0,0,1
BRF:1
BRH:1
end_of_record
TN:
SF:src/modules/cars/useCases/Category/Import/CategoryImportController.ts
FN:6,(anonymous_1)
FNF:1
FNH:0
FNDA:0,(anonymous_1)
DA:2,0
DA:3,0
DA:7,0
DA:9,0
DA:11,0
DA:13,0
DA:17,0
LF:7
LH:0
BRF:0
BRH:0
end_of_record
TN:
SF:src/modules/cars/useCases/Category/Import/CategoryImportService.ts
FN:18,(anonymous_5)
FN:22,(anonymous_6)
FN:23,(anonymous_7)
FN:32,(anonymous_8)
FN:35,(anonymous_9)
FN:38,(anonymous_10)
FN:44,(anonymous_11)
FNF:7
FNH:0
FNDA:0,(anonymous_5)
FNDA:0,(anonymous_6)
FNDA:0,(anonymous_7)
FNDA:0,(anonymous_8)
FNDA:0,(anonymous_9)
FNDA:0,(anonymous_10)
FNDA:0,(anonymous_11)
DA:1,0
DA:2,0
DA:3,0
DA:5,0
DA:17,0
DA:20,0
DA:23,0
DA:24,0
DA:26,0
DA:28,0
DA:30,0
DA:32,0
DA:33,0
DA:34,0
DA:36,0
DA:37,0
DA:39,0
DA:45,0
DA:47,0
DA:49,0
DA:50,0
DA:51,0
DA:52,0
DA:54,0
DA:56,0
DA:58,0
DA:62,0
DA:64,0
DA:69,0
LF:29
LH:0
BRDA:50,0,0,0
BRDA:64,1,0,0
BRF:2
BRH:0
end_of_record
TN:
SF:src/modules/cars/useCases/Category/List/CategoryListController.ts
FN:6,(anonymous_1)
FNF:1
FNH:0
FNDA:0,(anonymous_1)
DA:2,0
DA:3,0
DA:7,0
DA:9,0
DA:11,0
DA:15,0
LF:6
LH:0
BRF:0
BRH:0
end_of_record
TN:
SF:src/modules/cars/useCases/Category/List/CategoryListService.ts
FN:7,(anonymous_4)
FN:11,(anonymous_5)
FNF:2
FNH:2
FNDA:1,(anonymous_4)
FNDA:1,(anonymous_5)
DA:3,1
DA:6,1
DA:9,1
DA:12,1
DA:16,1
LF:5
LH:5
BRF:0
BRH:0
end_of_record
TN:
SF:src/modules/cars/useCases/Specification/Create/SpecificationCreateController.ts
FN:7,(anonymous_1)
FNF:1
FNH:0
FNDA:0,(anonymous_1)
DA:1,0
DA:4,0
DA:8,0
DA:10,0
DA:12,0
DA:14,0
DA:18,0
LF:7
LH:0
BRF:0
BRH:0
end_of_record
TN:
SF:src/modules/cars/useCases/Specification/Create/SpecificationCreateService.ts
FN:14,(anonymous_5)
FN:18,(anonymous_6)
FNF:2
FNH:2
FNDA:3,(anonymous_5)
FNDA:6,(anonymous_6)
DA:1,2
DA:2,2
DA:13,2
DA:16,3
DA:19,6
DA:21,6
DA:23,5
DA:27,2
LF:8
LH:8
BRDA:21,0,0,1
BRF:1
BRH:1
end_of_record
TN:
SF:src/modules/cars/useCases/Specification/List/SpecificationListController.ts
FN:6,(anonymous_1)
FNF:1
FNH:0
FNDA:0,(anonymous_1)
DA:1,0
DA:3,0
DA:7,0
DA:9,0
DA:11,0
DA:15,0
LF:6
LH:0
BRF:0
BRH:0
end_of_record
TN:
SF:src/modules/cars/useCases/Specification/List/SpecificationListService.ts
FN:7,(anonymous_4)
FN:11,(anonymous_5)
FNF:2
FNH:2
FNDA:1,(anonymous_4)
FNDA:1,(anonymous_5)
DA:3,1
DA:6,1
DA:9,1
DA:12,1
DA:16,1
LF:5
LH:5
BRF:0
BRH:0
end_of_record
